<?xml version="1.0" encoding="UTF-8"?>
<!-- Generated by org.testng.reporters.JUnitXMLReporter -->
<testsuite ignored="2" hostname="SAK-LAPPDC262" failures="0" tests="6" name="Saucedemo Chrome Test" time="6.615" errors="0" timestamp="2024-11-11T13:55:35 IST">
  <testcase classname="com.sauce.functionalities.SauceTestLoginLogout" name="testLogin" time="0.904"/>
  <testcase classname="com.sauce.functionalities.SauceTestAddToCart" name="addCartFunctionality" time="1.221"/>
  <testcase classname="com.sauce.functionalities.SauceTestAddToCart" name="continueShopping" time="0.224"/>
  <testcase classname="com.sauce.functionalities.SauceTestCheckout" name="doCheckout" time="0.895"/>
  <testcase classname="com.sauce.functionalities.SauceTestCheckout" name="finishOrCancelCheckout" time="0.189"/>
  <testcase classname="com.sauce.functionalities.SauceTestCheckout" name="testLogout" time="0.215"/>
  <testcase classname="com.sauce.common.SauceBase" name="@AfterTest tearDown" time="0.0">
    <ignored/>
  </testcase> <!-- @AfterTest tearDown -->
  <testcase classname="com.sauce.common.SauceBase" name="@BeforeTest setUp" time="0.0">
    <ignored/>
  </testcase> <!-- @BeforeTest setUp -->
</testsuite> <!-- Saucedemo Chrome Test -->
