<?xml version="1.0" encoding="UTF-8"?>
<!-- Generated by org.testng.reporters.JUnitXMLReporter -->
<testsuite ignored="2" hostname="SAK-LAPPDC262" failures="0" tests="6" name="Saucedemo Test" time="10.805" errors="0" timestamp="2024-11-11T11:43:54 IST">
  <testcase classname="com.sauce.functionalities.SauceTestLoginLogout" name="testLogin" time="0.344"/>
  <testcase classname="com.sauce.functionalities.SauceTestAddToCart" name="addCartFunctionality" time="0.743"/>
  <testcase classname="com.sauce.functionalities.SauceTestAddToCart" name="continueShopping" time="0.173"/>
  <testcase classname="com.sauce.functionalities.SauceTestCheckout" name="doCheckout" time="0.615"/>
  <testcase classname="com.sauce.functionalities.SauceTestCheckout" name="finishOrCancelCheckout" time="0.17"/>
  <testcase classname="com.sauce.functionalities.SauceTestCheckout" name="testLogout" time="2.141"/>
  <testcase classname="com.sauce.common.SauceBase" name="@BeforeTest setUp" time="0.0">
    <ignored/>
  </testcase> <!-- @BeforeTest setUp -->
  <testcase classname="com.sauce.common.SauceBase" name="@AfterTest tearDown" time="0.0">
    <ignored/>
  </testcase> <!-- @AfterTest tearDown -->
</testsuite> <!-- Saucedemo Test -->
