<?xml version="1.0" encoding="UTF-8"?>
<!-- Generated by org.testng.reporters.JUnitXMLReporter -->
<testsuite ignored="2" hostname="SAK-LAPPDC262" failures="0" tests="6" name="Saucedemo Edge Test" time="11.032" errors="0" timestamp="2024-11-11T13:55:39 IST">
  <testcase classname="com.sauce.functionalities.SauceTestLoginLogout" name="testLogin" time="0.448"/>
  <testcase classname="com.sauce.functionalities.SauceTestAddToCart" name="addCartFunctionality" time="0.988"/>
  <testcase classname="com.sauce.functionalities.SauceTestAddToCart" name="continueShopping" time="0.202"/>
  <testcase classname="com.sauce.functionalities.SauceTestCheckout" name="doCheckout" time="0.638"/>
  <testcase classname="com.sauce.functionalities.SauceTestCheckout" name="finishOrCancelCheckout" time="0.184"/>
  <testcase classname="com.sauce.functionalities.SauceTestCheckout" name="testLogout" time="2.12"/>
  <testcase classname="com.sauce.common.SauceBase" name="@AfterTest tearDown" time="0.0">
    <ignored/>
  </testcase> <!-- @AfterTest tearDown -->
  <testcase classname="com.sauce.common.SauceBase" name="@BeforeTest setUp" time="0.0">
    <ignored/>
  </testcase> <!-- @BeforeTest setUp -->
</testsuite> <!-- Saucedemo Edge Test -->
