<?xml version="1.0" encoding="UTF-8"?>
<testng-results ignored="0" total="18" passed="18" failed="0" skipped="0">
  <reporter-output>
    <line>
      <![CDATA[Test started: testLogin]]>
    </line>
    <line>
      <![CDATA[Test passed: testLogin with status: 1]]>
    </line>
    <line>
      <![CDATA[Test started: addCartFunctionality]]>
    </line>
    <line>
      <![CDATA[Test passed: addCartFunctionality with status: 1]]>
    </line>
    <line>
      <![CDATA[Test started: continueShopping]]>
    </line>
    <line>
      <![CDATA[Test started: testLogin]]>
    </line>
    <line>
      <![CDATA[Test passed: continueShopping with status: 1]]>
    </line>
    <line>
      <![CDATA[Test started: doCheckout]]>
    </line>
    <line>
      <![CDATA[Test passed: testLogin with status: 1]]>
    </line>
    <line>
      <![CDATA[Test started: addCartFunctionality]]>
    </line>
    <line>
      <![CDATA[Test started: testLogin]]>
    </line>
    <line>
      <![CDATA[Test passed: doCheckout with status: 1]]>
    </line>
    <line>
      <![CDATA[Test started: finishOrCancelCheckout]]>
    </line>
    <line>
      <![CDATA[Test passed: finishOrCancelCheckout with status: 1]]>
    </line>
    <line>
      <![CDATA[Test started: testLogout]]>
    </line>
    <line>
      <![CDATA[Test passed: testLogout with status: 1]]>
    </line>
    <line>
      <![CDATA[Test passed: testLogin with status: 1]]>
    </line>
    <line>
      <![CDATA[Test started: addCartFunctionality]]>
    </line>
    <line>
      <![CDATA[Test passed: addCartFunctionality with status: 1]]>
    </line>
    <line>
      <![CDATA[Test started: continueShopping]]>
    </line>
    <line>
      <![CDATA[Test passed: continueShopping with status: 1]]>
    </line>
    <line>
      <![CDATA[Test started: doCheckout]]>
    </line>
    <line>
      <![CDATA[Test passed: addCartFunctionality with status: 1]]>
    </line>
    <line>
      <![CDATA[Test started: continueShopping]]>
    </line>
    <line>
      <![CDATA[Test passed: continueShopping with status: 1]]>
    </line>
    <line>
      <![CDATA[Test passed: doCheckout with status: 1]]>
    </line>
    <line>
      <![CDATA[Test started: doCheckout]]>
    </line>
    <line>
      <![CDATA[Test started: finishOrCancelCheckout]]>
    </line>
    <line>
      <![CDATA[Test passed: finishOrCancelCheckout with status: 1]]>
    </line>
    <line>
      <![CDATA[Test started: testLogout]]>
    </line>
    <line>
      <![CDATA[Test passed: doCheckout with status: 1]]>
    </line>
    <line>
      <![CDATA[Test started: finishOrCancelCheckout]]>
    </line>
    <line>
      <![CDATA[Test passed: finishOrCancelCheckout with status: 1]]>
    </line>
    <line>
      <![CDATA[Test started: testLogout]]>
    </line>
    <line>
      <![CDATA[Test passed: testLogout with status: 1]]>
    </line>
    <line>
      <![CDATA[Test passed: testLogout with status: 1]]>
    </line>
  </reporter-output>
  <suite started-at="2024-11-11T13:55:28 IST" name="Saucedemo Test Suite" finished-at="2024-11-11T13:55:39 IST" duration-ms="11032">
    <groups>
    </groups>
    <test started-at="2024-11-11T13:55:28 IST" name="Saucedemo Chrome Test" finished-at="2024-11-11T13:55:35 IST" duration-ms="6615">
      <class name="com.sauce.functionalities.SauceTestAddToCart">
        <test-method is-config="true" signature="setUp(java.lang.String)[pri:0, instance:com.sauce.functionalities.SauceTestAddToCart@57bc27f5]" started-at="2024-11-11T13:55:28 IST" name="setUp" finished-at="2024-11-11T13:55:31 IST" duration-ms="2483" status="PASS">
          <params>
            <param index="0">
              <value>
                <![CDATA[chrome]]>
              </value>
            </param>
          </params>
          <reporter-output>
          </reporter-output>
        </test-method> <!-- setUp -->
        <test-method signature="addCartFunctionality()[pri:0, instance:com.sauce.functionalities.SauceTestAddToCart@57bc27f5]" started-at="2024-11-11T13:55:32 IST" name="addCartFunctionality" finished-at="2024-11-11T13:55:33 IST" depends-on-methods="com.sauce.functionalities.SauceTestLoginLogout.testLogin" duration-ms="1221" status="PASS">
          <reporter-output>
            <line>
              <![CDATA[Test started: addCartFunctionality]]>
            </line>
            <line>
              <![CDATA[Test passed: addCartFunctionality with status: 1]]>
            </line>
          </reporter-output>
        </test-method> <!-- addCartFunctionality -->
        <test-method signature="continueShopping()[pri:0, instance:com.sauce.functionalities.SauceTestAddToCart@57bc27f5]" started-at="2024-11-11T13:55:33 IST" name="continueShopping" finished-at="2024-11-11T13:55:33 IST" depends-on-methods="com.sauce.functionalities.SauceTestAddToCart.addCartFunctionality" duration-ms="224" status="PASS">
          <reporter-output>
            <line>
              <![CDATA[Test started: continueShopping]]>
            </line>
            <line>
              <![CDATA[Test passed: continueShopping with status: 1]]>
            </line>
          </reporter-output>
        </test-method> <!-- continueShopping -->
        <test-method is-config="true" signature="tearDown()[pri:0, instance:com.sauce.functionalities.SauceTestAddToCart@57bc27f5]" started-at="2024-11-11T13:55:35 IST" name="tearDown" finished-at="2024-11-11T13:55:35 IST" duration-ms="245" status="PASS">
          <reporter-output>
          </reporter-output>
        </test-method> <!-- tearDown -->
      </class> <!-- com.sauce.functionalities.SauceTestAddToCart -->
      <class name="com.sauce.functionalities.SauceTestCheckout">
        <test-method signature="doCheckout(java.lang.String,java.lang.String,java.lang.String)[pri:0, instance:com.sauce.functionalities.SauceTestCheckout@5fb759d6]" started-at="2024-11-11T13:55:33 IST" name="doCheckout" finished-at="2024-11-11T13:55:34 IST" depends-on-methods="com.sauce.functionalities.SauceTestAddToCart.continueShopping" duration-ms="895" status="PASS">
          <params>
            <param index="0">
              <value>
                <![CDATA[Shivkumar]]>
              </value>
            </param>
            <param index="1">
              <value>
                <![CDATA[Konnuri]]>
              </value>
            </param>
            <param index="2">
              <value>
                <![CDATA[400708]]>
              </value>
            </param>
          </params>
          <reporter-output>
            <line>
              <![CDATA[Test started: doCheckout]]>
            </line>
            <line>
              <![CDATA[Test passed: doCheckout with status: 1]]>
            </line>
          </reporter-output>
        </test-method> <!-- doCheckout -->
        <test-method signature="finishOrCancelCheckout(java.lang.String)[pri:0, instance:com.sauce.functionalities.SauceTestCheckout@5fb759d6]" started-at="2024-11-11T13:55:34 IST" name="finishOrCancelCheckout" finished-at="2024-11-11T13:55:34 IST" depends-on-methods="com.sauce.functionalities.SauceTestCheckout.doCheckout" duration-ms="189" status="PASS">
          <params>
            <param index="0">
              <value>
                <![CDATA[finish]]>
              </value>
            </param>
          </params>
          <reporter-output>
            <line>
              <![CDATA[Test started: finishOrCancelCheckout]]>
            </line>
            <line>
              <![CDATA[Test passed: finishOrCancelCheckout with status: 1]]>
            </line>
          </reporter-output>
        </test-method> <!-- finishOrCancelCheckout -->
        <test-method signature="testLogout()[pri:0, instance:com.sauce.functionalities.SauceTestCheckout@5fb759d6]" started-at="2024-11-11T13:55:34 IST" name="testLogout" finished-at="2024-11-11T13:55:35 IST" depends-on-methods="com.sauce.functionalities.SauceTestCheckout.finishOrCancelCheckout" duration-ms="215" status="PASS">
          <reporter-output>
            <line>
              <![CDATA[Test started: testLogout]]>
            </line>
            <line>
              <![CDATA[Test passed: testLogout with status: 1]]>
            </line>
          </reporter-output>
        </test-method> <!-- testLogout -->
      </class> <!-- com.sauce.functionalities.SauceTestCheckout -->
      <class name="com.sauce.functionalities.SauceTestLoginLogout">
        <test-method signature="testLogin(java.lang.String,java.lang.String)[pri:0, instance:com.sauce.functionalities.SauceTestLoginLogout@4bdeaabb]" started-at="2024-11-11T13:55:31 IST" name="testLogin" finished-at="2024-11-11T13:55:32 IST" duration-ms="904" status="PASS">
          <params>
            <param index="0">
              <value>
                <![CDATA[standard_user]]>
              </value>
            </param>
            <param index="1">
              <value>
                <![CDATA[secret_sauce]]>
              </value>
            </param>
          </params>
          <reporter-output>
            <line>
              <![CDATA[Test started: testLogin]]>
            </line>
            <line>
              <![CDATA[Test passed: testLogin with status: 1]]>
            </line>
          </reporter-output>
        </test-method> <!-- testLogin -->
      </class> <!-- com.sauce.functionalities.SauceTestLoginLogout -->
    </test> <!-- Saucedemo Chrome Test -->
    <test started-at="2024-11-11T13:55:28 IST" name="Saucedemo Firefox Test" finished-at="2024-11-11T13:55:38 IST" duration-ms="9837">
      <class name="com.sauce.functionalities.SauceTestAddToCart">
        <test-method is-config="true" signature="setUp(java.lang.String)[pri:0, instance:com.sauce.functionalities.SauceTestAddToCart@1e16c0aa]" started-at="2024-11-11T13:55:28 IST" name="setUp" finished-at="2024-11-11T13:55:34 IST" duration-ms="5890" status="PASS">
          <params>
            <param index="0">
              <value>
                <![CDATA[firefox]]>
              </value>
            </param>
          </params>
          <reporter-output>
          </reporter-output>
        </test-method> <!-- setUp -->
        <test-method signature="addCartFunctionality()[pri:0, instance:com.sauce.functionalities.SauceTestAddToCart@1e16c0aa]" started-at="2024-11-11T13:55:35 IST" name="addCartFunctionality" finished-at="2024-11-11T13:55:35 IST" depends-on-methods="com.sauce.functionalities.SauceTestLoginLogout.testLogin" duration-ms="719" status="PASS">
          <reporter-output>
            <line>
              <![CDATA[Test started: addCartFunctionality]]>
            </line>
            <line>
              <![CDATA[Test passed: addCartFunctionality with status: 1]]>
            </line>
          </reporter-output>
        </test-method> <!-- addCartFunctionality -->
        <test-method signature="continueShopping()[pri:0, instance:com.sauce.functionalities.SauceTestAddToCart@1e16c0aa]" started-at="2024-11-11T13:55:35 IST" name="continueShopping" finished-at="2024-11-11T13:55:35 IST" depends-on-methods="com.sauce.functionalities.SauceTestAddToCart.addCartFunctionality" duration-ms="173" status="PASS">
          <reporter-output>
            <line>
              <![CDATA[Test started: continueShopping]]>
            </line>
            <line>
              <![CDATA[Test passed: continueShopping with status: 1]]>
            </line>
          </reporter-output>
        </test-method> <!-- continueShopping -->
        <test-method is-config="true" signature="tearDown()[pri:0, instance:com.sauce.functionalities.SauceTestAddToCart@1e16c0aa]" started-at="2024-11-11T13:55:37 IST" name="tearDown" finished-at="2024-11-11T13:55:38 IST" duration-ms="1218" status="PASS">
          <reporter-output>
          </reporter-output>
        </test-method> <!-- tearDown -->
      </class> <!-- com.sauce.functionalities.SauceTestAddToCart -->
      <class name="com.sauce.functionalities.SauceTestCheckout">
        <test-method signature="doCheckout(java.lang.String,java.lang.String,java.lang.String)[pri:0, instance:com.sauce.functionalities.SauceTestCheckout@13d73f29]" started-at="2024-11-11T13:55:35 IST" name="doCheckout" finished-at="2024-11-11T13:55:36 IST" depends-on-methods="com.sauce.functionalities.SauceTestAddToCart.continueShopping" duration-ms="667" status="PASS">
          <params>
            <param index="0">
              <value>
                <![CDATA[Shivkumar]]>
              </value>
            </param>
            <param index="1">
              <value>
                <![CDATA[Konnuri]]>
              </value>
            </param>
            <param index="2">
              <value>
                <![CDATA[400708]]>
              </value>
            </param>
          </params>
          <reporter-output>
            <line>
              <![CDATA[Test started: doCheckout]]>
            </line>
            <line>
              <![CDATA[Test passed: doCheckout with status: 1]]>
            </line>
          </reporter-output>
        </test-method> <!-- doCheckout -->
        <test-method signature="finishOrCancelCheckout(java.lang.String)[pri:0, instance:com.sauce.functionalities.SauceTestCheckout@13d73f29]" started-at="2024-11-11T13:55:36 IST" name="finishOrCancelCheckout" finished-at="2024-11-11T13:55:36 IST" depends-on-methods="com.sauce.functionalities.SauceTestCheckout.doCheckout" duration-ms="154" status="PASS">
          <params>
            <param index="0">
              <value>
                <![CDATA[finish]]>
              </value>
            </param>
          </params>
          <reporter-output>
            <line>
              <![CDATA[Test started: finishOrCancelCheckout]]>
            </line>
            <line>
              <![CDATA[Test passed: finishOrCancelCheckout with status: 1]]>
            </line>
          </reporter-output>
        </test-method> <!-- finishOrCancelCheckout -->
        <test-method signature="testLogout()[pri:0, instance:com.sauce.functionalities.SauceTestCheckout@13d73f29]" started-at="2024-11-11T13:55:36 IST" name="testLogout" finished-at="2024-11-11T13:55:37 IST" depends-on-methods="com.sauce.functionalities.SauceTestCheckout.finishOrCancelCheckout" duration-ms="466" status="PASS">
          <reporter-output>
            <line>
              <![CDATA[Test started: testLogout]]>
            </line>
            <line>
              <![CDATA[Test passed: testLogout with status: 1]]>
            </line>
          </reporter-output>
        </test-method> <!-- testLogout -->
      </class> <!-- com.sauce.functionalities.SauceTestCheckout -->
      <class name="com.sauce.functionalities.SauceTestLoginLogout">
        <test-method signature="testLogin(java.lang.String,java.lang.String)[pri:0, instance:com.sauce.functionalities.SauceTestLoginLogout@9816741]" started-at="2024-11-11T13:55:34 IST" name="testLogin" finished-at="2024-11-11T13:55:35 IST" duration-ms="483" status="PASS">
          <params>
            <param index="0">
              <value>
                <![CDATA[standard_user]]>
              </value>
            </param>
            <param index="1">
              <value>
                <![CDATA[secret_sauce]]>
              </value>
            </param>
          </params>
          <reporter-output>
            <line>
              <![CDATA[Test started: testLogin]]>
            </line>
            <line>
              <![CDATA[Test passed: testLogin with status: 1]]>
            </line>
          </reporter-output>
        </test-method> <!-- testLogin -->
      </class> <!-- com.sauce.functionalities.SauceTestLoginLogout -->
    </test> <!-- Saucedemo Firefox Test -->
    <test started-at="2024-11-11T13:55:28 IST" name="Saucedemo Edge Test" finished-at="2024-11-11T13:55:39 IST" duration-ms="11032">
      <class name="com.sauce.functionalities.SauceTestAddToCart">
        <test-method is-config="true" signature="setUp(java.lang.String)[pri:0, instance:com.sauce.functionalities.SauceTestAddToCart@2f67a4d3]" started-at="2024-11-11T13:55:28 IST" name="setUp" finished-at="2024-11-11T13:55:33 IST" duration-ms="4982" status="PASS">
          <params>
            <param index="0">
              <value>
                <![CDATA[edge]]>
              </value>
            </param>
          </params>
          <reporter-output>
          </reporter-output>
        </test-method> <!-- setUp -->
        <test-method signature="addCartFunctionality()[pri:0, instance:com.sauce.functionalities.SauceTestAddToCart@2f67a4d3]" started-at="2024-11-11T13:55:34 IST" name="addCartFunctionality" finished-at="2024-11-11T13:55:35 IST" depends-on-methods="com.sauce.functionalities.SauceTestLoginLogout.testLogin" duration-ms="988" status="PASS">
          <reporter-output>
            <line>
              <![CDATA[Test started: addCartFunctionality]]>
            </line>
            <line>
              <![CDATA[Test passed: addCartFunctionality with status: 1]]>
            </line>
          </reporter-output>
        </test-method> <!-- addCartFunctionality -->
        <test-method signature="continueShopping()[pri:0, instance:com.sauce.functionalities.SauceTestAddToCart@2f67a4d3]" started-at="2024-11-11T13:55:35 IST" name="continueShopping" finished-at="2024-11-11T13:55:35 IST" depends-on-methods="com.sauce.functionalities.SauceTestAddToCart.addCartFunctionality" duration-ms="202" status="PASS">
          <reporter-output>
            <line>
              <![CDATA[Test started: continueShopping]]>
            </line>
            <line>
              <![CDATA[Test passed: continueShopping with status: 1]]>
            </line>
          </reporter-output>
        </test-method> <!-- continueShopping -->
        <test-method is-config="true" signature="tearDown()[pri:0, instance:com.sauce.functionalities.SauceTestAddToCart@2f67a4d3]" started-at="2024-11-11T13:55:38 IST" name="tearDown" finished-at="2024-11-11T13:55:39 IST" duration-ms="1410" status="PASS">
          <reporter-output>
          </reporter-output>
        </test-method> <!-- tearDown -->
      </class> <!-- com.sauce.functionalities.SauceTestAddToCart -->
      <class name="com.sauce.functionalities.SauceTestCheckout">
        <test-method signature="doCheckout(java.lang.String,java.lang.String,java.lang.String)[pri:0, instance:com.sauce.functionalities.SauceTestCheckout@5e3f861]" started-at="2024-11-11T13:55:35 IST" name="doCheckout" finished-at="2024-11-11T13:55:35 IST" depends-on-methods="com.sauce.functionalities.SauceTestAddToCart.continueShopping" duration-ms="638" status="PASS">
          <params>
            <param index="0">
              <value>
                <![CDATA[Shivkumar]]>
              </value>
            </param>
            <param index="1">
              <value>
                <![CDATA[Konnuri]]>
              </value>
            </param>
            <param index="2">
              <value>
                <![CDATA[400708]]>
              </value>
            </param>
          </params>
          <reporter-output>
            <line>
              <![CDATA[Test started: doCheckout]]>
            </line>
            <line>
              <![CDATA[Test passed: doCheckout with status: 1]]>
            </line>
          </reporter-output>
        </test-method> <!-- doCheckout -->
        <test-method signature="finishOrCancelCheckout(java.lang.String)[pri:0, instance:com.sauce.functionalities.SauceTestCheckout@5e3f861]" started-at="2024-11-11T13:55:35 IST" name="finishOrCancelCheckout" finished-at="2024-11-11T13:55:36 IST" depends-on-methods="com.sauce.functionalities.SauceTestCheckout.doCheckout" duration-ms="184" status="PASS">
          <params>
            <param index="0">
              <value>
                <![CDATA[finish]]>
              </value>
            </param>
          </params>
          <reporter-output>
            <line>
              <![CDATA[Test started: finishOrCancelCheckout]]>
            </line>
            <line>
              <![CDATA[Test passed: finishOrCancelCheckout with status: 1]]>
            </line>
          </reporter-output>
        </test-method> <!-- finishOrCancelCheckout -->
        <test-method signature="testLogout()[pri:0, instance:com.sauce.functionalities.SauceTestCheckout@5e3f861]" started-at="2024-11-11T13:55:36 IST" name="testLogout" finished-at="2024-11-11T13:55:38 IST" depends-on-methods="com.sauce.functionalities.SauceTestCheckout.finishOrCancelCheckout" duration-ms="2120" status="PASS">
          <reporter-output>
            <line>
              <![CDATA[Test started: testLogout]]>
            </line>
            <line>
              <![CDATA[Test passed: testLogout with status: 1]]>
            </line>
          </reporter-output>
        </test-method> <!-- testLogout -->
      </class> <!-- com.sauce.functionalities.SauceTestCheckout -->
      <class name="com.sauce.functionalities.SauceTestLoginLogout">
        <test-method signature="testLogin(java.lang.String,java.lang.String)[pri:0, instance:com.sauce.functionalities.SauceTestLoginLogout@7dc3712]" started-at="2024-11-11T13:55:33 IST" name="testLogin" finished-at="2024-11-11T13:55:34 IST" duration-ms="448" status="PASS">
          <params>
            <param index="0">
              <value>
                <![CDATA[standard_user]]>
              </value>
            </param>
            <param index="1">
              <value>
                <![CDATA[secret_sauce]]>
              </value>
            </param>
          </params>
          <reporter-output>
            <line>
              <![CDATA[Test started: testLogin]]>
            </line>
            <line>
              <![CDATA[Test passed: testLogin with status: 1]]>
            </line>
          </reporter-output>
        </test-method> <!-- testLogin -->
      </class> <!-- com.sauce.functionalities.SauceTestLoginLogout -->
    </test> <!-- Saucedemo Edge Test -->
  </suite> <!-- Saucedemo Test Suite -->
</testng-results>
