<?xml version="1.0" encoding="UTF-8"?>
<testng-results ignored="0" total="6" passed="6" failed="0" skipped="0">
  <reporter-output>
    <line>
      <![CDATA[Test started: testLogin]]>
    </line>
    <line>
      <![CDATA[Test passed: testLogin with status: 1]]>
    </line>
    <line>
      <![CDATA[Test started: addCartFunctionality]]>
    </line>
    <line>
      <![CDATA[Test passed: addCartFunctionality with status: 1]]>
    </line>
    <line>
      <![CDATA[Test started: continueShopping]]>
    </line>
    <line>
      <![CDATA[Test passed: continueShopping with status: 1]]>
    </line>
    <line>
      <![CDATA[Test started: doCheckout]]>
    </line>
    <line>
      <![CDATA[Test passed: doCheckout with status: 1]]>
    </line>
    <line>
      <![CDATA[Test started: finishOrCancelCheckout]]>
    </line>
    <line>
      <![CDATA[Test passed: finishOrCancelCheckout with status: 1]]>
    </line>
    <line>
      <![CDATA[Test started: testLogout]]>
    </line>
    <line>
      <![CDATA[Test passed: testLogout with status: 1]]>
    </line>
  </reporter-output>
  <suite started-at="2024-11-08T09:46:41 IST" name="Saucedemo Test Suite" finished-at="2024-11-08T09:46:51 IST" duration-ms="9519">
    <groups>
    </groups>
    <test started-at="2024-11-08T09:46:41 IST" name="Saucedemo Test" finished-at="2024-11-08T09:46:51 IST" duration-ms="9519">
      <class name="com.sauce.functionalities.SauceTestAddToCart">
        <test-method is-config="true" signature="setUp(java.lang.String)[pri:0, instance:com.sauce.functionalities.SauceTestAddToCart@431cd9b2]" started-at="2024-11-08T09:46:41 IST" name="setUp" finished-at="2024-11-08T09:46:46 IST" duration-ms="4559" status="PASS">
          <params>
            <param index="0">
              <value>
                <![CDATA[chrome]]>
              </value>
            </param>
          </params>
          <reporter-output>
          </reporter-output>
        </test-method> <!-- setUp -->
        <test-method signature="addCartFunctionality()[pri:0, instance:com.sauce.functionalities.SauceTestAddToCart@431cd9b2]" started-at="2024-11-08T09:46:46 IST" name="addCartFunctionality" finished-at="2024-11-08T09:46:47 IST" depends-on-methods="com.sauce.functionalities.SauceTestLoginLogout.testLogin" duration-ms="834" status="PASS">
          <reporter-output>
            <line>
              <![CDATA[Test started: addCartFunctionality]]>
            </line>
            <line>
              <![CDATA[Test passed: addCartFunctionality with status: 1]]>
            </line>
          </reporter-output>
        </test-method> <!-- addCartFunctionality -->
        <test-method signature="continueShopping()[pri:0, instance:com.sauce.functionalities.SauceTestAddToCart@431cd9b2]" started-at="2024-11-08T09:46:47 IST" name="continueShopping" finished-at="2024-11-08T09:46:48 IST" depends-on-methods="com.sauce.functionalities.SauceTestAddToCart.addCartFunctionality" duration-ms="212" status="PASS">
          <reporter-output>
            <line>
              <![CDATA[Test started: continueShopping]]>
            </line>
            <line>
              <![CDATA[Test passed: continueShopping with status: 1]]>
            </line>
          </reporter-output>
        </test-method> <!-- continueShopping -->
        <test-method is-config="true" signature="tearDown()[pri:0, instance:com.sauce.functionalities.SauceTestAddToCart@431cd9b2]" started-at="2024-11-08T09:46:51 IST" name="tearDown" finished-at="2024-11-08T09:46:51 IST" duration-ms="214" status="PASS">
          <reporter-output>
          </reporter-output>
        </test-method> <!-- tearDown -->
      </class> <!-- com.sauce.functionalities.SauceTestAddToCart -->
      <class name="com.sauce.functionalities.SauceTestCheckout">
        <test-method signature="doCheckout(java.lang.String,java.lang.String,java.lang.String)[pri:0, instance:com.sauce.functionalities.SauceTestCheckout@38467116]" started-at="2024-11-08T09:46:48 IST" name="doCheckout" finished-at="2024-11-08T09:46:48 IST" depends-on-methods="com.sauce.functionalities.SauceTestAddToCart.continueShopping" duration-ms="760" status="PASS">
          <params>
            <param index="0">
              <value>
                <![CDATA[Shivkumar]]>
              </value>
            </param>
            <param index="1">
              <value>
                <![CDATA[Konnuri]]>
              </value>
            </param>
            <param index="2">
              <value>
                <![CDATA[400708]]>
              </value>
            </param>
          </params>
          <reporter-output>
            <line>
              <![CDATA[Test started: doCheckout]]>
            </line>
            <line>
              <![CDATA[Test passed: doCheckout with status: 1]]>
            </line>
          </reporter-output>
        </test-method> <!-- doCheckout -->
        <test-method signature="finishOrCancelCheckout(java.lang.String)[pri:0, instance:com.sauce.functionalities.SauceTestCheckout@38467116]" started-at="2024-11-08T09:46:48 IST" name="finishOrCancelCheckout" finished-at="2024-11-08T09:46:48 IST" depends-on-methods="com.sauce.functionalities.SauceTestCheckout.doCheckout" duration-ms="168" status="PASS">
          <params>
            <param index="0">
              <value>
                <![CDATA[finish]]>
              </value>
            </param>
          </params>
          <reporter-output>
            <line>
              <![CDATA[Test started: finishOrCancelCheckout]]>
            </line>
            <line>
              <![CDATA[Test passed: finishOrCancelCheckout with status: 1]]>
            </line>
          </reporter-output>
        </test-method> <!-- finishOrCancelCheckout -->
        <test-method signature="testLogout()[pri:0, instance:com.sauce.functionalities.SauceTestCheckout@38467116]" started-at="2024-11-08T09:46:48 IST" name="testLogout" finished-at="2024-11-08T09:46:51 IST" depends-on-methods="com.sauce.functionalities.SauceTestCheckout.finishOrCancelCheckout" duration-ms="2174" status="PASS">
          <reporter-output>
            <line>
              <![CDATA[Test started: testLogout]]>
            </line>
            <line>
              <![CDATA[Test passed: testLogout with status: 1]]>
            </line>
          </reporter-output>
        </test-method> <!-- testLogout -->
      </class> <!-- com.sauce.functionalities.SauceTestCheckout -->
      <class name="com.sauce.functionalities.SauceTestLoginLogout">
        <test-method signature="testLogin(java.lang.String,java.lang.String)[pri:0, instance:com.sauce.functionalities.SauceTestLoginLogout@536f2a7e]" started-at="2024-11-08T09:46:46 IST" name="testLogin" finished-at="2024-11-08T09:46:46 IST" duration-ms="399" status="PASS">
          <params>
            <param index="0">
              <value>
                <![CDATA[standard_user]]>
              </value>
            </param>
            <param index="1">
              <value>
                <![CDATA[secret_sauce]]>
              </value>
            </param>
          </params>
          <reporter-output>
            <line>
              <![CDATA[Test started: testLogin]]>
            </line>
            <line>
              <![CDATA[Test passed: testLogin with status: 1]]>
            </line>
          </reporter-output>
        </test-method> <!-- testLogin -->
      </class> <!-- com.sauce.functionalities.SauceTestLoginLogout -->
    </test> <!-- Saucedemo Test -->
  </suite> <!-- Saucedemo Test Suite -->
</testng-results>
